<?xml version="1.0" encoding="UTF-8"?>
<!-- Generated by org.testng.reporters.JUnitXMLReporter -->
<testsuite hostname="LAPTOP-BN8E26I5" ignored="0" name="Default test" tests="3" failures="0" timestamp="01 Dec 2019 10:11:10 GMT" time="30.981" errors="0">
  <testcase name="login" time="6.088" classname="com.purchaseordertestcases.logintest"/>
  <testcase name="createpurchase" time="7.253" classname="com.purchaseordertestcases.logintest"/>
  <testcase name="confirmpurchase" time="4.71" classname="com.purchaseordertestcases.logintest"/>
</testsuite> <!-- Default test -->
