<?xml version="1.0" encoding="UTF-8"?>
<testng-results skipped="0" failed="0" ignored="0" total="1" passed="1">
  <reporter-output>
  </reporter-output>
  <suite name="Default suite" duration-ms="15141" started-at="2019-11-17T02:24:53Z" finished-at="2019-11-17T02:25:08Z">
    <groups>
    </groups>
    <test name="Default test" duration-ms="15141" started-at="2019-11-17T02:24:53Z" finished-at="2019-11-17T02:25:08Z">
      <class name="com.crmtestcases.logintest">
        <test-method status="PASS" signature="setupsuite()[pri:0, instance:com.crmtestcases.logintest@91161c7]" name="setupsuite" is-config="true" duration-ms="584" started-at="2019-11-17T02:24:52Z" finished-at="2019-11-17T02:24:53Z">
          <reporter-output>
          </reporter-output>
        </test-method> <!-- setupsuite -->
        <test-method status="PASS" signature="setup()[pri:0, instance:com.crmtestcases.logintest@91161c7]" name="setup" is-config="true" duration-ms="13284" started-at="2019-11-17T02:24:53Z" finished-at="2019-11-17T02:25:06Z">
          <reporter-output>
          </reporter-output>
        </test-method> <!-- setup -->
        <test-method status="PASS" signature="login()[pri:0, instance:com.crmtestcases.logintest@91161c7]" name="login" duration-ms="772" started-at="2019-11-17T02:25:06Z" finished-at="2019-11-17T02:25:07Z">
          <reporter-output>
          </reporter-output>
        </test-method> <!-- login -->
        <test-method status="PASS" signature="teardownmethod(org.testng.ITestResult)[pri:0, instance:com.crmtestcases.logintest@91161c7]" name="teardownmethod" is-config="true" duration-ms="419" started-at="2019-11-17T02:25:07Z" finished-at="2019-11-17T02:25:07Z">
          <params>
            <param index="0">
              <value>
                <![CDATA[[TestResult name=login status=SUCCESS method=logintest.login()[pri:0, instance:com.crmtestcases.logintest@91161c7] output={null}]]]>
              </value>
            </param>
          </params>
          <reporter-output>
          </reporter-output>
        </test-method> <!-- teardownmethod -->
        <test-method status="PASS" signature="teardown()[pri:0, instance:com.crmtestcases.logintest@91161c7]" name="teardown" is-config="true" duration-ms="641" started-at="2019-11-17T02:25:07Z" finished-at="2019-11-17T02:25:08Z">
          <reporter-output>
          </reporter-output>
        </test-method> <!-- teardown -->
      </class> <!-- com.crmtestcases.logintest -->
    </test> <!-- Default test -->
  </suite> <!-- Default suite -->
</testng-results>
