<?xml version="1.0" encoding="UTF-8"?>
<testng-results skipped="0" failed="0" ignored="0" total="3" passed="3">
  <reporter-output>
  </reporter-output>
  <suite name="Default suite" duration-ms="30981" started-at="2019-12-01T10:10:39Z" finished-at="2019-12-01T10:11:10Z">
    <groups>
    </groups>
    <test name="Default test" duration-ms="30981" started-at="2019-12-01T10:10:39Z" finished-at="2019-12-01T10:11:10Z">
      <class name="com.purchaseordertestcases.logintest">
        <test-method status="PASS" signature="setupsuite()[pri:0, instance:com.purchaseordertestcases.logintest@91161c7]" name="setupsuite" is-config="true" duration-ms="444" started-at="2019-12-01T10:10:39Z" finished-at="2019-12-01T10:10:39Z">
          <reporter-output>
          </reporter-output>
        </test-method> <!-- setupsuite -->
        <test-method status="PASS" signature="setup()[pri:0, instance:com.purchaseordertestcases.logintest@91161c7]" name="setup" is-config="true" duration-ms="11896" started-at="2019-12-01T10:10:39Z" finished-at="2019-12-01T10:10:51Z">
          <reporter-output>
          </reporter-output>
        </test-method> <!-- setup -->
        <test-method status="PASS" signature="login()[pri:0, instance:com.purchaseordertestcases.logintest@91161c7]" name="login" duration-ms="6088" started-at="2019-12-01T10:10:51Z" finished-at="2019-12-01T10:10:57Z">
          <reporter-output>
          </reporter-output>
        </test-method> <!-- login -->
        <test-method status="PASS" signature="teardownmethod(org.testng.ITestResult)[pri:0, instance:com.purchaseordertestcases.logintest@91161c7]" name="teardownmethod" is-config="true" duration-ms="295" started-at="2019-12-01T10:10:57Z" finished-at="2019-12-01T10:10:58Z">
          <params>
            <param index="0">
              <value>
                <![CDATA[[TestResult name=login status=SUCCESS method=logintest.login()[pri:0, instance:com.purchaseordertestcases.logintest@91161c7] output={null}]]]>
              </value>
            </param>
          </params>
          <reporter-output>
          </reporter-output>
        </test-method> <!-- teardownmethod -->
        <test-method status="PASS" signature="createpurchase()[pri:1, instance:com.purchaseordertestcases.logintest@91161c7]" name="createpurchase" duration-ms="7253" started-at="2019-12-01T10:10:58Z" finished-at="2019-12-01T10:11:05Z">
          <reporter-output>
          </reporter-output>
        </test-method> <!-- createpurchase -->
        <test-method status="PASS" signature="teardownmethod(org.testng.ITestResult)[pri:0, instance:com.purchaseordertestcases.logintest@91161c7]" name="teardownmethod" is-config="true" duration-ms="68" started-at="2019-12-01T10:11:05Z" finished-at="2019-12-01T10:11:05Z">
          <params>
            <param index="0">
              <value>
                <![CDATA[[TestResult name=createpurchase status=SUCCESS method=logintest.createpurchase()[pri:1, instance:com.purchaseordertestcases.logintest@91161c7] output={null}]]]>
              </value>
            </param>
          </params>
          <reporter-output>
          </reporter-output>
        </test-method> <!-- teardownmethod -->
        <test-method status="PASS" signature="confirmpurchase()[pri:2, instance:com.purchaseordertestcases.logintest@91161c7]" name="confirmpurchase" duration-ms="4710" started-at="2019-12-01T10:11:05Z" finished-at="2019-12-01T10:11:10Z">
          <reporter-output>
          </reporter-output>
        </test-method> <!-- confirmpurchase -->
        <test-method status="PASS" signature="teardownmethod(org.testng.ITestResult)[pri:0, instance:com.purchaseordertestcases.logintest@91161c7]" name="teardownmethod" is-config="true" duration-ms="53" started-at="2019-12-01T10:11:10Z" finished-at="2019-12-01T10:11:10Z">
          <params>
            <param index="0">
              <value>
                <![CDATA[[TestResult name=confirmpurchase status=SUCCESS method=logintest.confirmpurchase()[pri:2, instance:com.purchaseordertestcases.logintest@91161c7] output={null}]]]>
              </value>
            </param>
          </params>
          <reporter-output>
          </reporter-output>
        </test-method> <!-- teardownmethod -->
        <test-method status="PASS" signature="teardown()[pri:0, instance:com.purchaseordertestcases.logintest@91161c7]" name="teardown" is-config="true" duration-ms="600" started-at="2019-12-01T10:11:10Z" finished-at="2019-12-01T10:11:10Z">
          <reporter-output>
          </reporter-output>
        </test-method> <!-- teardown -->
      </class> <!-- com.purchaseordertestcases.logintest -->
    </test> <!-- Default test -->
  </suite> <!-- Default suite -->
</testng-results>
